<?xml version="1.0" encoding="UTF-8"?>
<testsuite xmlns:xsi="http://www.w3.org/2001/XMLSchema-instance" xsi:noNamespaceSchemaLocation="https://maven.apache.org/surefire/maven-surefire-plugin/xsd/surefire-test-report-3.0.xsd" version="3.0" name="pl.polsl.unittests.MatrixTest" time="0.072" tests="38" errors="0" skipped="0" failures="0">
  <properties>
[...]
</properties>
  <testcase name="parameterizedTestDoubleGetMatrixValueException(int, int, int, int)[1]" classname="pl.polsl.unittests.MatrixTest" time="0"/>
  <testcase name="parameterizedTestDoubleGetMatrixValueException(int, int, int, int)[2]" classname="pl.polsl.unittests.MatrixTest" time="0"/>
  <testcase name="parameterizedTestDoubleGetMatrixValueException(int, int, int, int)[3]" classname="pl.polsl.unittests.MatrixTest" time="0"/>
  <testcase name="parameterizedTestDoubleGetMatrixValueException(int, int, int, int)[4]" classname="pl.polsl.unittests.MatrixTest" time="0"/>
  <testcase name="parameterizedTestDoubleGetMatrixValueException(int, int, int, int)[5]" classname="pl.polsl.unittests.MatrixTest" time="0"/>
  <testcase name="parameterizedTestDoubleGetMatrixValueException(int, int, int, int)[6]" classname="pl.polsl.unittests.MatrixTest" time="0"/>
  <testcase name="parameterizedTestIntChangeMatrixValueException(int, int, int, int, Integer)[1]" classname="pl.polsl.unittests.MatrixTest" time="0"/>
  <testcase name="parameterizedTestIntChangeMatrixValueException(int, int, int, int, Integer)[2]" classname="pl.polsl.unittests.MatrixTest" time="0"/>
  <testcase name="parameterizedTestIntChangeMatrixValueException(int, int, int, int, Integer)[3]" classname="pl.polsl.unittests.MatrixTest" time="0.004"/>
  <testcase name="parameterizedTestIntChangeMatrixValueException(int, int, int, int, Integer)[4]" classname="pl.polsl.unittests.MatrixTest" time="0"/>
  <testcase name="parameterizedTestIntChangeMatrixValueException(int, int, int, int, Integer)[5]" classname="pl.polsl.unittests.MatrixTest" time="0.004"/>
  <testcase name="parameterizedTestIntChangeMatrixValueException(int, int, int, int, Integer)[6]" classname="pl.polsl.unittests.MatrixTest" time="0"/>
  <testcase name="parameterizedTestIntChangeMatrixValueException(int, int, int, int, Integer)[7]" classname="pl.polsl.unittests.MatrixTest" time="0.004"/>
  <testcase name="parameterizedTestIntGetMatrixValueException(int, int, int, int)[1]" classname="pl.polsl.unittests.MatrixTest" time="0"/>
  <testcase name="parameterizedTestIntGetMatrixValueException(int, int, int, int)[2]" classname="pl.polsl.unittests.MatrixTest" time="0.004"/>
  <testcase name="parameterizedTestIntGetMatrixValueException(int, int, int, int)[3]" classname="pl.polsl.unittests.MatrixTest" time="0"/>
  <testcase name="parameterizedTestIntGetMatrixValueException(int, int, int, int)[4]" classname="pl.polsl.unittests.MatrixTest" time="0.004"/>
  <testcase name="parameterizedTestIntGetMatrixValueException(int, int, int, int)[5]" classname="pl.polsl.unittests.MatrixTest" time="0"/>
  <testcase name="parameterizedTestIntGetMatrixValueException(int, int, int, int)[6]" classname="pl.polsl.unittests.MatrixTest" time="0"/>
  <testcase name="parameterizedTestDoubleGetMatrixValue(Matrix, int, int, Double)[1]" classname="pl.polsl.unittests.MatrixTest" time="0"/>
  <testcase name="parameterizedTestDoubleGetMatrixValue(Matrix, int, int, Double)[2]" classname="pl.polsl.unittests.MatrixTest" time="0"/>
  <testcase name="parameterizedTestDoubleGetMatrixValue(Matrix, int, int, Double)[3]" classname="pl.polsl.unittests.MatrixTest" time="0"/>
  <testcase name="parameterizedTestIntChangeMatrixValue(Matrix, int, int, Integer, Integer)[1]" classname="pl.polsl.unittests.MatrixTest" time="0"/>
  <testcase name="parameterizedTestIntChangeMatrixValue(Matrix, int, int, Integer, Integer)[2]" classname="pl.polsl.unittests.MatrixTest" time="0"/>
  <testcase name="parameterizedTestIntChangeMatrixValue(Matrix, int, int, Integer, Integer)[3]" classname="pl.polsl.unittests.MatrixTest" time="0"/>
  <testcase name="parameterizedTestIntGetMatrixValue(Matrix, int, int, Integer)[1]" classname="pl.polsl.unittests.MatrixTest" time="0"/>
  <testcase name="parameterizedTestIntGetMatrixValue(Matrix, int, int, Integer)[2]" classname="pl.polsl.unittests.MatrixTest" time="0"/>
  <testcase name="parameterizedTestIntGetMatrixValue(Matrix, int, int, Integer)[3]" classname="pl.polsl.unittests.MatrixTest" time="0"/>
  <testcase name="parameterizedTestDoubleChangeMatrixValueException(int, int, int, int, Double)[1]" classname="pl.polsl.unittests.MatrixTest" time="0.004"/>
  <testcase name="parameterizedTestDoubleChangeMatrixValueException(int, int, int, int, Double)[2]" classname="pl.polsl.unittests.MatrixTest" time="0"/>
  <testcase name="parameterizedTestDoubleChangeMatrixValueException(int, int, int, int, Double)[3]" classname="pl.polsl.unittests.MatrixTest" time="0"/>
  <testcase name="parameterizedTestDoubleChangeMatrixValueException(int, int, int, int, Double)[4]" classname="pl.polsl.unittests.MatrixTest" time="0"/>
  <testcase name="parameterizedTestDoubleChangeMatrixValueException(int, int, int, int, Double)[5]" classname="pl.polsl.unittests.MatrixTest" time="0"/>
  <testcase name="parameterizedTestDoubleChangeMatrixValueException(int, int, int, int, Double)[6]" classname="pl.polsl.unittests.MatrixTest" time="0"/>
  <testcase name="parameterizedTestDoubleChangeMatrixValueException(int, int, int, int, Double)[7]" classname="pl.polsl.unittests.MatrixTest" time="0"/>
  <testcase name="parameterizedTestDoubleChangeMatrixValue(Matrix, int, int, Double, Double)[1]" classname="pl.polsl.unittests.MatrixTest" time="0"/>
  <testcase name="parameterizedTestDoubleChangeMatrixValue(Matrix, int, int, Double, Double)[2]" classname="pl.polsl.unittests.MatrixTest" time="0"/>
  <testcase name="parameterizedTestDoubleChangeMatrixValue(Matrix, int, int, Double, Double)[3]" classname="pl.polsl.unittests.MatrixTest" time="0"/>
</testsuite>